 
****************************************
Report : area
Design : P4_ADDER
Version: F-2011.09-SP3
Date   : Fri Apr  1 20:23:24 2022
****************************************

Library(s) Used:

    NangateOpenCellLibrary (File: /home/mariagrazia.graziano/do/libnangate/NangateOpenCellLibrary_typical_ecsm.db)

Number of ports:                           98
Number of nets:                           112
Number of cells:                            8
Number of combinational cells:              6
Number of sequential cells:                 0
Number of macros:                           0
Number of buf/inv:                          6
Number of references:                       3

Combinational area:        580.943998
Noncombinational area:       0.000000
Net Interconnect area:      undefined  (Wire load has zero net area)

Total cell area:           580.943998
Total area:                 undefined
1
