Information: Updating design information... (UID-85)
 
****************************************
Report : timing
        -path full
        -delay max
        -max_paths 1
Design : P4_ADDER
Version: F-2011.09-SP3
Date   : Fri Apr  1 20:23:24 2022
****************************************

Operating Conditions: typical   Library: NangateOpenCellLibrary
Wire Load Model Mode: top

  Startpoint: B[7] (input port)
  Endpoint: S[24] (output port)
  Path Group: default
  Path Type: max

  Des/Clust/Port     Wire Load Model       Library
  ------------------------------------------------
  P4_ADDER           5K_hvratio_1_1        NangateOpenCellLibrary

  Point                                                   Incr       Path
  --------------------------------------------------------------------------
  input external delay                                    0.00       0.00 r
  B[7] (in)                                               0.00       0.00 r
  UCARRY/B[7] (CARRY_GENERATOR_NBIT32_NBIT_PER_BLOCK4)
                                                          0.00       0.00 r
  UCARRY/R0_0_7/f_b (f_add_25)                            0.00       0.00 r
  UCARRY/R0_0_7/U4/ZN (INV_X1)                            0.02       0.02 f
  UCARRY/R0_0_7/U2/ZN (NAND2_X1)                          0.02       0.05 r
  UCARRY/R0_0_7/U3/ZN (NAND2_X1)                          0.03       0.08 f
  UCARRY/R0_0_7/P (f_add_25)                              0.00       0.08 f
  UCARRY/PG_B1_1_8/P1 (pg_25)                             0.00       0.08 f
  UCARRY/PG_B1_1_8/U3/ZN (AOI21_X1)                       0.04       0.12 r
  UCARRY/PG_B1_1_8/U1/ZN (INV_X1)                         0.02       0.14 f
  UCARRY/PG_B1_1_8/G_out (pg_25)                          0.00       0.14 f
  UCARRY/PG_B1_2_8/Ga (pg_12)                             0.00       0.14 f
  UCARRY/PG_B1_2_8/U3/ZN (AOI21_X1)                       0.05       0.19 r
  UCARRY/PG_B1_2_8/U2/ZN (INV_X1)                         0.02       0.21 f
  UCARRY/PG_B1_2_8/G_out (pg_12)                          0.00       0.21 f
  UCARRY/G_B_3_8/Ga (g_7)                                 0.00       0.21 f
  UCARRY/G_B_3_8/U2/ZN (AOI21_X1)                         0.05       0.27 r
  UCARRY/G_B_3_8/U1/ZN (INV_X1)                           0.03       0.29 f
  UCARRY/G_B_3_8/G_out (g_7)                              0.00       0.29 f
  UCARRY/G_B_4_16/Gb (g_5)                                0.00       0.29 f
  UCARRY/G_B_4_16/U2/ZN (INV_X1)                          0.03       0.32 r
  UCARRY/G_B_4_16/U1/ZN (OAI21_X1)                        0.04       0.36 f
  UCARRY/G_B_4_16/G_out (g_5)                             0.00       0.36 f
  UCARRY/G_B_5_24/Gb (g_3)                                0.00       0.36 f
  UCARRY/G_B_5_24/U2/ZN (AOI21_X1)                        0.05       0.41 r
  UCARRY/G_B_5_24/U1/ZN (INV_X1)                          0.04       0.45 f
  UCARRY/G_B_5_24/G_out (g_3)                             0.00       0.45 f
  UCARRY/Co[6] (CARRY_GENERATOR_NBIT32_NBIT_PER_BLOCK4)
                                                          0.00       0.45 f
  USUM/Ci[6] (SUM_GENERATOR_NBIT_PER_BLOCK4_NBLOCKS8)     0.00       0.45 f
  USUM/cbl_7/Ci_c (csb_ANBIT4_2)                          0.00       0.45 f
  USUM/cbl_7/Mu/SEL (mux_2)                               0.00       0.45 f
  USUM/cbl_7/Mu/U9/ZN (INV_X1)                            0.04       0.49 r
  USUM/cbl_7/Mu/U7/ZN (AOI22_X1)                          0.03       0.52 f
  USUM/cbl_7/Mu/U2/ZN (INV_X1)                            0.02       0.54 r
  USUM/cbl_7/Mu/Y[0] (mux_2)                              0.00       0.54 r
  USUM/cbl_7/So_c[0] (csb_ANBIT4_2)                       0.00       0.54 r
  USUM/S[24] (SUM_GENERATOR_NBIT_PER_BLOCK4_NBLOCKS8)     0.00       0.54 r
  S[24] (out)                                             0.00       0.55 r
  data arrival time                                                  0.55

  max_delay                                               0.48       0.48
  output external delay                                   0.00       0.48
  data required time                                                 0.48
  --------------------------------------------------------------------------
  data required time                                                 0.48
  data arrival time                                                 -0.55
  --------------------------------------------------------------------------
  slack (VIOLATED)                                                  -0.07


1
